{
  "RSpec": {
    "coverage": {
      "/home/vivek/Downloads/admin_dashboard/app/controllers/application_controller.rb": [
        1,
        null
      ],
      "/home/vivek/Downloads/admin_dashboard/app/helpers/application_helper.rb": [
        1,
        null
      ],
      "/home/vivek/Downloads/admin_dashboard/app/helpers/posts_helper.rb": [
        1,
        null
      ],
      "/home/vivek/Downloads/admin_dashboard/app/helpers/users_helper.rb": [
        1,
        null
      ],
      "/home/vivek/Downloads/admin_dashboard/app/models/admin_user.rb": [
        1,
        null,
        null,
        1,
        null,
        null
      ],
      "/home/vivek/Downloads/admin_dashboard/app/models/application_record.rb": [
        1,
        1,
        null
      ],
      "/home/vivek/Downloads/admin_dashboard/app/admin/admin_users.rb": [
        1,
        1,
        null,
        1,
        0,
        0,
        0,
        0,
        0,
        0,
        0,
        null,
        null,
        1,
        1,
        1,
        1,
        null,
        1,
        0,
        0,
        0,
        0,
        null,
        0,
        null,
        null,
        null
      ],
      "/home/vivek/Downloads/admin_dashboard/app/admin/dashboard.rb": [
        null,
        1,
        1,
        null,
        1,
        0,
        0,
        0,
        0,
        null,
        null,
        null,
        null,
        null,
        null,
        null,
        null,
        null,
        null,
        null,
        null,
        null,
        null,
        null,
        null,
        null,
        null,
        null,
        null,
        null,
        null,
        null,
        null
      ],
      "/home/vivek/Downloads/admin_dashboard/app/controllers/posts_controller.rb": [
        1,
        null,
        1,
        0,
        0,
        null,
        1,
        0,
        0,
        null,
        1,
        0,
        null,
        null,
        1,
        0,
        0,
        null,
        0,
        0,
        null,
        0,
        null,
        null,
        null,
        null,
        1,
        null,
        1,
        0,
        null,
        null,
        null
      ],
      "/home/vivek/Downloads/admin_dashboard/app/models/post.rb": [
        1,
        1,
        null
      ],
      "/home/vivek/Downloads/admin_dashboard/app/models/user.rb": [
        1,
        null,
        1,
        1,
        null,
        null,
        null,
        null,
        null,
        null,
        null,
        null,
        null,
        null,
        null
      ],
      "/home/vivek/Downloads/admin_dashboard/app/channels/application_cable/channel.rb": [
        0,
        0,
        0,
        0
      ],
      "/home/vivek/Downloads/admin_dashboard/app/channels/application_cable/connection.rb": [
        0,
        0,
        0,
        0
      ],
      "/home/vivek/Downloads/admin_dashboard/app/controllers/users_controller.rb": [
        0,
        null,
        0,
        null,
        0,
        0,
        0,
        null,
        0
      ],
      "/home/vivek/Downloads/admin_dashboard/app/jobs/application_job.rb": [
        0,
        null,
        null,
        null,
        null,
        null,
        0
      ],
      "/home/vivek/Downloads/admin_dashboard/app/mailers/application_mailer.rb": [
        0,
        0,
        0,
        0
      ]
    },
    "timestamp": 1702453134
  }
}
